
[21-Jan-2012 11:02:21] PHP Fatal error:  Call to a member function fn_getProjectID() on a non-object in /home/wwwdorse/public_html/application/lib/utils.class.php on line 93
[21-Jan-2012 11:02:22] PHP Stack trace:
[21-Jan-2012 11:02:22] PHP   1. {main}() /home/wwwdorse/public_html/index.php:0
[21-Jan-2012 11:02:22] PHP   2. FrontController->route() /home/wwwdorse/public_html/index.php:126
[21-Jan-2012 11:02:22] PHP   3. ReflectionMethod->invoke() /home/wwwdorse/public_html/application/models/frontcontroller.php:92
[21-Jan-2012 11:02:22] PHP   4. accountController->account() /home/wwwdorse/public_html/application/modules/account/controllers/accountcontroller.php:0
[21-Jan-2012 11:02:22] PHP   5. utils::displayProjectSet() /home/wwwdorse/public_html/application/modules/account/controllers/accountcontroller.php:28
[21-Jan-2012 11:02:22] PHP   6. utils::getImageURL() /home/wwwdorse/public_html/application/lib/utils.class.php:208
[21-Jan-2012 11:12:33] PHP Fatal error:  Call to a member function fn_getProjectID() on a non-object in /home/wwwdorse/public_html/application/lib/utils.class.php on line 93
[21-Jan-2012 11:12:33] PHP Stack trace:
[21-Jan-2012 11:12:33] PHP   1. {main}() /home/wwwdorse/public_html/index.php:0
[21-Jan-2012 11:12:33] PHP   2. FrontController->route() /home/wwwdorse/public_html/index.php:126
[21-Jan-2012 11:12:33] PHP   3. ReflectionMethod->invoke() /home/wwwdorse/public_html/application/models/frontcontroller.php:92
[21-Jan-2012 11:12:33] PHP   4. accountController->account() /home/wwwdorse/public_html/application/modules/account/controllers/accountcontroller.php:0
[21-Jan-2012 11:12:33] PHP   5. utils::displayProjectSet() /home/wwwdorse/public_html/application/modules/account/controllers/accountcontroller.php:28
[21-Jan-2012 11:12:33] PHP   6. utils::getImageURL() /home/wwwdorse/public_html/application/lib/utils.class.php:208
[21-Jan-2012 12:44:57] PHP Fatal error:  Call to a member function fn_getProjectID() on a non-object in /home/wwwdorse/public_html/application/lib/utils.class.php on line 93
[21-Jan-2012 12:44:57] PHP Stack trace:
[21-Jan-2012 12:44:57] PHP   1. {main}() /home/wwwdorse/public_html/index.php:0
[21-Jan-2012 12:44:57] PHP   2. FrontController->route() /home/wwwdorse/public_html/index.php:126
[21-Jan-2012 12:44:57] PHP   3. ReflectionMethod->invoke() /home/wwwdorse/public_html/application/models/frontcontroller.php:92
[21-Jan-2012 12:44:57] PHP   4. accountController->account() /home/wwwdorse/public_html/application/modules/account/controllers/accountcontroller.php:0
[21-Jan-2012 12:44:57] PHP   5. utils::displayProjectSet() /home/wwwdorse/public_html/application/modules/account/controllers/accountcontroller.php:28
[21-Jan-2012 12:44:57] PHP   6. utils::getImageURL() /home/wwwdorse/public_html/application/lib/utils.class.php:208
[21-Jan-2012 12:47:34] PHP Fatal error:  Call to a member function fn_getOriFileName() on a non-object in /home/wwwdorse/public_html/application/lib/utils.class.php on line 222
[21-Jan-2012 12:47:34] PHP Stack trace:
[21-Jan-2012 12:47:34] PHP   1. {main}() /home/wwwdorse/public_html/index.php:0
[21-Jan-2012 12:47:34] PHP   2. FrontController->route() /home/wwwdorse/public_html/index.php:126
[21-Jan-2012 12:47:34] PHP   3. ReflectionMethod->invoke() /home/wwwdorse/public_html/application/models/frontcontroller.php:92
[21-Jan-2012 12:47:34] PHP   4. accountController->account() /home/wwwdorse/public_html/application/modules/account/controllers/accountcontroller.php:0
[21-Jan-2012 12:47:34] PHP   5. utils::displayProjectSet() /home/wwwdorse/public_html/application/modules/account/controllers/accountcontroller.php:28
[21-Jan-2012 13:12:38] PHP Fatal error:  Call to a member function fn_getProjectID() on a non-object in /home/wwwdorse/public_html/application/lib/utils.class.php on line 93
[21-Jan-2012 13:12:38] PHP Stack trace:
[21-Jan-2012 13:12:38] PHP   1. {main}() /home/wwwdorse/public_html/index.php:0
[21-Jan-2012 13:12:38] PHP   2. FrontController->route() /home/wwwdorse/public_html/index.php:126
[21-Jan-2012 13:12:38] PHP   3. ReflectionMethod->invoke() /home/wwwdorse/public_html/application/models/frontcontroller.php:92
[21-Jan-2012 13:12:39] PHP   4. accountController->account() /home/wwwdorse/public_html/application/modules/account/controllers/accountcontroller.php:0
[21-Jan-2012 13:12:39] PHP   5. utils::displayProjectSet() /home/wwwdorse/public_html/application/modules/account/controllers/accountcontroller.php:28
[21-Jan-2012 13:12:39] PHP   6. utils::getImageURL() /home/wwwdorse/public_html/application/lib/utils.class.php:208
